<?xml version="1.0" encoding="UTF-8"?>
<!-- Generated by org.testng.reporters.JUnitReportReporter -->
<testsuite skipped="0" hostname="Kiranashree-PC" name="com.actitime.testscripts.TestValidLogin" tests="1" failures="0" timestamp="01 Apr 2018 05:55:50 GMT" time="18.004" errors="0">
  <testcase name="testValidLogin" time="18.004" classname="com.actitime.testscripts.TestValidLogin"/>
</testsuite> <!-- com.actitime.testscripts.TestValidLogin -->
