<?xml version="1.0" encoding="UTF-8"?>
<!-- Generated by org.testng.reporters.JUnitReportReporter -->
<testsuite skipped="0" hostname="Kiranashree-PC" name="com.actitime.testscripts.TestInvalidLogin" tests="1" failures="0" timestamp="01 Apr 2018 05:55:50 GMT" time="28.594" errors="0">
  <testcase name="testInvalidLogin" time="28.594" classname="com.actitime.testscripts.TestInvalidLogin"/>
</testsuite> <!-- com.actitime.testscripts.TestInvalidLogin -->
