<?xml version="1.0" encoding="UTF-8"?>
<!-- Generated by org.testng.reporters.JUnitReportReporter -->
<testsuite skipped="0" hostname="Kiranashree-PC" name="com.actitime.testscripts.TestValidLogin" tests="1" failures="0" timestamp="01 Apr 2018 01:11:27 GMT" time="13.955" errors="0">
  <testcase name="testValidLogin" time="13.955" classname="com.actitime.testscripts.TestValidLogin"/>
</testsuite> <!-- com.actitime.testscripts.TestValidLogin -->
