<?xml version="1.0" encoding="UTF-8"?>
<!-- Generated by org.testng.reporters.JUnitReportReporter -->
<testsuite skipped="0" hostname="Kiranashree-PC" name="com.actitime.testscripts.TestInvalidLogin" tests="1" failures="0" timestamp="01 Apr 2018 01:11:27 GMT" time="21.635" errors="0">
  <testcase name="testInvalidLogin" time="21.635" classname="com.actitime.testscripts.TestInvalidLogin"/>
</testsuite> <!-- com.actitime.testscripts.TestInvalidLogin -->
